update-alternatives 2021-08-19 22:20:53: run with --install /usr/bin/x-www-browser x-www-browser /usr/bin/wslview 30
update-alternatives 2021-08-19 22:20:53: link group x-www-browser updated to point to /usr/bin/wslview
update-alternatives 2021-08-19 22:20:53: run with --install /usr/bin/www-browser www-browser /usr/bin/wslview 30
update-alternatives 2021-08-19 22:20:53: link group www-browser updated to point to /usr/bin/wslview
update-alternatives 2022-01-11 18:24:04: run with --quiet --install /lib/cpp cpp /usr/bin/cpp 10
update-alternatives 2022-01-11 18:24:04: link group cpp updated to point to /usr/bin/cpp
update-alternatives 2022-01-11 18:24:04: run with --quiet --install /usr/bin/cc cc /usr/bin/gcc 20 --slave /usr/share/man/man1/cc.1.gz cc.1.gz /usr/share/man/man1/gcc.1.gz
update-alternatives 2022-01-11 18:24:04: link group cc updated to point to /usr/bin/gcc
update-alternatives 2022-01-11 18:24:04: run with --quiet --install /usr/bin/c89 c89 /usr/bin/c89-gcc 20 --slave /usr/share/man/man1/c89.1.gz c89.1.gz /usr/share/man/man1/c89-gcc.1.gz
update-alternatives 2022-01-11 18:24:04: link group c89 updated to point to /usr/bin/c89-gcc
update-alternatives 2022-01-11 18:24:04: run with --quiet --install /usr/bin/c99 c99 /usr/bin/c99-gcc 20 --slave /usr/share/man/man1/c99.1.gz c99.1.gz /usr/share/man/man1/c99-gcc.1.gz
update-alternatives 2022-01-11 18:24:04: link group c99 updated to point to /usr/bin/c99-gcc
update-alternatives 2022-01-11 18:25:26: run with --install /usr/bin/c++ c++ /usr/bin/g++ 20 --slave /usr/share/man/man1/c++.1.gz c++.1.gz /usr/share/man/man1/g++.1.gz
update-alternatives 2022-01-11 18:25:26: link group c++ updated to point to /usr/bin/g++
update-alternatives 2022-01-11 18:25:47: run with --install /usr/bin/vim vim /usr/bin/vim.basic 30
update-alternatives 2022-01-11 18:25:47: run with --install /usr/bin/vimdiff vimdiff /usr/bin/vim.basic 30
update-alternatives 2022-01-11 18:25:47: run with --install /usr/bin/rvim rvim /usr/bin/vim.basic 30
update-alternatives 2022-01-11 18:25:47: run with --install /usr/bin/rview rview /usr/bin/vim.basic 30
update-alternatives 2022-01-11 18:25:47: run with --install /usr/bin/vi vi /usr/bin/vim.basic 30 --slave /usr/share/man/da/man1/vi.1.gz vi.da.1.gz /usr/share/man/da/man1/vim.1.gz --slave /usr/share/man/de/man1/vi.1.gz vi.de.1.gz /usr/share/man/de/man1/vim.1.gz --slave /usr/share/man/fr/man1/vi.1.gz vi.fr.1.gz /usr/share/man/fr/man1/vim.1.gz --slave /usr/share/man/it/man1/vi.1.gz vi.it.1.gz /usr/share/man/it/man1/vim.1.gz --slave /usr/share/man/ja/man1/vi.1.gz vi.ja.1.gz /usr/share/man/ja/man1/vim.1.gz --slave /usr/share/man/pl/man1/vi.1.gz vi.pl.1.gz /usr/share/man/pl/man1/vim.1.gz --slave /usr/share/man/ru/man1/vi.1.gz vi.ru.1.gz /usr/share/man/ru/man1/vim.1.gz --slave /usr/share/man/man1/vi.1.gz vi.1.gz /usr/share/man/man1/vim.1.gz
update-alternatives 2022-01-11 18:25:47: run with --install /usr/bin/view view /usr/bin/vim.basic 30 --slave /usr/share/man/da/man1/view.1.gz view.da.1.gz /usr/share/man/da/man1/vim.1.gz --slave /usr/share/man/de/man1/view.1.gz view.de.1.gz /usr/share/man/de/man1/vim.1.gz --slave /usr/share/man/fr/man1/view.1.gz view.fr.1.gz /usr/share/man/fr/man1/vim.1.gz --slave /usr/share/man/it/man1/view.1.gz view.it.1.gz /usr/share/man/it/man1/vim.1.gz --slave /usr/share/man/ja/man1/view.1.gz view.ja.1.gz /usr/share/man/ja/man1/vim.1.gz --slave /usr/share/man/pl/man1/view.1.gz view.pl.1.gz /usr/share/man/pl/man1/vim.1.gz --slave /usr/share/man/ru/man1/view.1.gz view.ru.1.gz /usr/share/man/ru/man1/vim.1.gz --slave /usr/share/man/man1/view.1.gz view.1.gz /usr/share/man/man1/vim.1.gz
update-alternatives 2022-01-11 18:25:47: run with --install /usr/bin/ex ex /usr/bin/vim.basic 30 --slave /usr/share/man/da/man1/ex.1.gz ex.da.1.gz /usr/share/man/da/man1/vim.1.gz --slave /usr/share/man/de/man1/ex.1.gz ex.de.1.gz /usr/share/man/de/man1/vim.1.gz --slave /usr/share/man/fr/man1/ex.1.gz ex.fr.1.gz /usr/share/man/fr/man1/vim.1.gz --slave /usr/share/man/it/man1/ex.1.gz ex.it.1.gz /usr/share/man/it/man1/vim.1.gz --slave /usr/share/man/ja/man1/ex.1.gz ex.ja.1.gz /usr/share/man/ja/man1/vim.1.gz --slave /usr/share/man/pl/man1/ex.1.gz ex.pl.1.gz /usr/share/man/pl/man1/vim.1.gz --slave /usr/share/man/ru/man1/ex.1.gz ex.ru.1.gz /usr/share/man/ru/man1/vim.1.gz --slave /usr/share/man/man1/ex.1.gz ex.1.gz /usr/share/man/man1/vim.1.gz
update-alternatives 2022-01-11 18:25:47: run with --install /usr/bin/editor editor /usr/bin/vim.basic 30 --slave /usr/share/man/da/man1/editor.1.gz editor.da.1.gz /usr/share/man/da/man1/vim.1.gz --slave /usr/share/man/de/man1/editor.1.gz editor.de.1.gz /usr/share/man/de/man1/vim.1.gz --slave /usr/share/man/fr/man1/editor.1.gz editor.fr.1.gz /usr/share/man/fr/man1/vim.1.gz --slave /usr/share/man/it/man1/editor.1.gz editor.it.1.gz /usr/share/man/it/man1/vim.1.gz --slave /usr/share/man/ja/man1/editor.1.gz editor.ja.1.gz /usr/share/man/ja/man1/vim.1.gz --slave /usr/share/man/pl/man1/editor.1.gz editor.pl.1.gz /usr/share/man/pl/man1/vim.1.gz --slave /usr/share/man/ru/man1/editor.1.gz editor.ru.1.gz /usr/share/man/ru/man1/vim.1.gz --slave /usr/share/man/man1/editor.1.gz editor.1.gz /usr/share/man/man1/vim.1.gz
update-alternatives 2022-01-11 18:25:47: run with --install /usr/bin/rview rview /usr/bin/vim.tiny 15
update-alternatives 2022-01-11 18:25:47: run with --install /usr/bin/vi vi /usr/bin/vim.tiny 15 --slave /usr/share/man/da/man1/vi.1.gz vi.da.1.gz /usr/share/man/da/man1/vim.1.gz --slave /usr/share/man/de/man1/vi.1.gz vi.de.1.gz /usr/share/man/de/man1/vim.1.gz --slave /usr/share/man/fr/man1/vi.1.gz vi.fr.1.gz /usr/share/man/fr/man1/vim.1.gz --slave /usr/share/man/it/man1/vi.1.gz vi.it.1.gz /usr/share/man/it/man1/vim.1.gz --slave /usr/share/man/ja/man1/vi.1.gz vi.ja.1.gz /usr/share/man/ja/man1/vim.1.gz --slave /usr/share/man/pl/man1/vi.1.gz vi.pl.1.gz /usr/share/man/pl/man1/vim.1.gz --slave /usr/share/man/ru/man1/vi.1.gz vi.ru.1.gz /usr/share/man/ru/man1/vim.1.gz --slave /usr/share/man/man1/vi.1.gz vi.1.gz /usr/share/man/man1/vim.1.gz
update-alternatives 2022-01-11 18:25:47: run with --install /usr/bin/view view /usr/bin/vim.tiny 15 --slave /usr/share/man/da/man1/view.1.gz view.da.1.gz /usr/share/man/da/man1/vim.1.gz --slave /usr/share/man/de/man1/view.1.gz view.de.1.gz /usr/share/man/de/man1/vim.1.gz --slave /usr/share/man/fr/man1/view.1.gz view.fr.1.gz /usr/share/man/fr/man1/vim.1.gz --slave /usr/share/man/it/man1/view.1.gz view.it.1.gz /usr/share/man/it/man1/vim.1.gz --slave /usr/share/man/ja/man1/view.1.gz view.ja.1.gz /usr/share/man/ja/man1/vim.1.gz --slave /usr/share/man/pl/man1/view.1.gz view.pl.1.gz /usr/share/man/pl/man1/vim.1.gz --slave /usr/share/man/ru/man1/view.1.gz view.ru.1.gz /usr/share/man/ru/man1/vim.1.gz --slave /usr/share/man/man1/view.1.gz view.1.gz /usr/share/man/man1/vim.1.gz
update-alternatives 2022-01-11 18:25:47: run with --install /usr/bin/ex ex /usr/bin/vim.tiny 15 --slave /usr/share/man/da/man1/ex.1.gz ex.da.1.gz /usr/share/man/da/man1/vim.1.gz --slave /usr/share/man/de/man1/ex.1.gz ex.de.1.gz /usr/share/man/de/man1/vim.1.gz --slave /usr/share/man/fr/man1/ex.1.gz ex.fr.1.gz /usr/share/man/fr/man1/vim.1.gz --slave /usr/share/man/it/man1/ex.1.gz ex.it.1.gz /usr/share/man/it/man1/vim.1.gz --slave /usr/share/man/ja/man1/ex.1.gz ex.ja.1.gz /usr/share/man/ja/man1/vim.1.gz --slave /usr/share/man/pl/man1/ex.1.gz ex.pl.1.gz /usr/share/man/pl/man1/vim.1.gz --slave /usr/share/man/ru/man1/ex.1.gz ex.ru.1.gz /usr/share/man/ru/man1/vim.1.gz --slave /usr/share/man/man1/ex.1.gz ex.1.gz /usr/share/man/man1/vim.1.gz
update-alternatives 2022-01-11 18:25:47: run with --install /usr/bin/editor editor /usr/bin/vim.tiny 15 --slave /usr/share/man/da/man1/editor.1.gz editor.da.1.gz /usr/share/man/da/man1/vim.1.gz --slave /usr/share/man/de/man1/editor.1.gz editor.de.1.gz /usr/share/man/de/man1/vim.1.gz --slave /usr/share/man/fr/man1/editor.1.gz editor.fr.1.gz /usr/share/man/fr/man1/vim.1.gz --slave /usr/share/man/it/man1/editor.1.gz editor.it.1.gz /usr/share/man/it/man1/vim.1.gz --slave /usr/share/man/ja/man1/editor.1.gz editor.ja.1.gz /usr/share/man/ja/man1/vim.1.gz --slave /usr/share/man/pl/man1/editor.1.gz editor.pl.1.gz /usr/share/man/pl/man1/vim.1.gz --slave /usr/share/man/ru/man1/editor.1.gz editor.ru.1.gz /usr/share/man/ru/man1/vim.1.gz --slave /usr/share/man/man1/editor.1.gz editor.1.gz /usr/share/man/man1/vim.1.gz
update-alternatives 2022-01-20 09:44:01: run with --install /usr/bin/fakeroot fakeroot /usr/bin/fakeroot-sysv 50 --slave /usr/share/man/man1/fakeroot.1.gz fakeroot.1.gz /usr/share/man/man1/fakeroot-sysv.1.gz --slave /usr/share/man/man1/faked.1.gz faked.1.gz /usr/share/man/man1/faked-sysv.1.gz --slave /usr/share/man/es/man1/fakeroot.1.gz fakeroot.es.1.gz /usr/share/man/es/man1/fakeroot-sysv.1.gz --slave /usr/share/man/es/man1/faked.1.gz faked.es.1.gz /usr/share/man/es/man1/faked-sysv.1.gz --slave /usr/share/man/fr/man1/fakeroot.1.gz fakeroot.fr.1.gz /usr/share/man/fr/man1/fakeroot-sysv.1.gz --slave /usr/share/man/fr/man1/faked.1.gz faked.fr.1.gz /usr/share/man/fr/man1/faked-sysv.1.gz --slave /usr/share/man/sv/man1/fakeroot.1.gz fakeroot.sv.1.gz /usr/share/man/sv/man1/fakeroot-sysv.1.gz --slave /usr/share/man/sv/man1/faked.1.gz faked.sv.1.gz /usr/share/man/sv/man1/faked-sysv.1.gz
update-alternatives 2022-01-20 09:44:01: link group fakeroot updated to point to /usr/bin/fakeroot-sysv
update-alternatives 2022-01-20 09:44:01: run with --install /usr/bin/fakeroot fakeroot /usr/bin/fakeroot-tcp 30 --slave /usr/share/man/man1/fakeroot.1.gz fakeroot.1.gz /usr/share/man/man1/fakeroot-tcp.1.gz --slave /usr/share/man/man1/faked.1.gz faked.1.gz /usr/share/man/man1/faked-tcp.1.gz --slave /usr/share/man/es/man1/fakeroot.1.gz fakeroot.es.1.gz /usr/share/man/es/man1/fakeroot-tcp.1.gz --slave /usr/share/man/es/man1/faked.1.gz faked.es.1.gz /usr/share/man/es/man1/faked-tcp.1.gz --slave /usr/share/man/fr/man1/fakeroot.1.gz fakeroot.fr.1.gz /usr/share/man/fr/man1/fakeroot-tcp.1.gz --slave /usr/share/man/fr/man1/faked.1.gz faked.fr.1.gz /usr/share/man/fr/man1/faked-tcp.1.gz --slave /usr/share/man/sv/man1/fakeroot.1.gz fakeroot.sv.1.gz /usr/share/man/sv/man1/fakeroot-tcp.1.gz --slave /usr/share/man/sv/man1/faked.1.gz faked.sv.1.gz /usr/share/man/sv/man1/faked-tcp.1.gz
update-alternatives 2022-01-26 11:43:53: run with --install /usr/bin/editor editor /usr/bin/e3em 10 --slave /usr/share/man/man1/editor.1.gz editor.1.gz /usr/share/man/man1/e3em.1.gz
update-alternatives 2022-01-26 11:43:53: run with --install /usr/bin/emacs emacs /usr/bin/e3em 10 --slave /usr/share/man/man1/emacs.1.gz emacs.1.gz /usr/share/man/man1/e3em.1.gz
update-alternatives 2022-01-26 11:43:53: link group emacs updated to point to /usr/bin/e3em
update-alternatives 2022-01-26 11:43:53: run with --install /usr/bin/vi vi /usr/bin/e3vi 10 --slave /usr/share/man/man1/vi.1.gz vi.1.gz /usr/share/man/man1/e3vi.1.gz
update-alternatives 2022-05-20 17:56:30: run with --install /usr/bin/rmid rmid /usr/lib/jvm/java-13-openjdk-amd64/bin/rmid 1311 --slave /usr/share/man/man1/rmid.1.gz rmid.1.gz /usr/lib/jvm/java-13-openjdk-amd64/man/man1/rmid.1.gz
update-alternatives 2022-05-20 17:56:30: link group rmid updated to point to /usr/lib/jvm/java-13-openjdk-amd64/bin/rmid
update-alternatives 2022-05-20 17:56:30: run with --install /usr/bin/java java /usr/lib/jvm/java-13-openjdk-amd64/bin/java 1311 --slave /usr/share/man/man1/java.1.gz java.1.gz /usr/lib/jvm/java-13-openjdk-amd64/man/man1/java.1.gz
update-alternatives 2022-05-20 17:56:30: link group java updated to point to /usr/lib/jvm/java-13-openjdk-amd64/bin/java
update-alternatives 2022-05-20 17:56:30: run with --install /usr/bin/keytool keytool /usr/lib/jvm/java-13-openjdk-amd64/bin/keytool 1311 --slave /usr/share/man/man1/keytool.1.gz keytool.1.gz /usr/lib/jvm/java-13-openjdk-amd64/man/man1/keytool.1.gz
update-alternatives 2022-05-20 17:56:30: link group keytool updated to point to /usr/lib/jvm/java-13-openjdk-amd64/bin/keytool
update-alternatives 2022-05-20 17:56:30: run with --install /usr/bin/jjs jjs /usr/lib/jvm/java-13-openjdk-amd64/bin/jjs 1311 --slave /usr/share/man/man1/jjs.1.gz jjs.1.gz /usr/lib/jvm/java-13-openjdk-amd64/man/man1/jjs.1.gz
update-alternatives 2022-05-20 17:56:30: link group jjs updated to point to /usr/lib/jvm/java-13-openjdk-amd64/bin/jjs
update-alternatives 2022-05-20 17:56:30: run with --install /usr/bin/pack200 pack200 /usr/lib/jvm/java-13-openjdk-amd64/bin/pack200 1311 --slave /usr/share/man/man1/pack200.1.gz pack200.1.gz /usr/lib/jvm/java-13-openjdk-amd64/man/man1/pack200.1.gz
update-alternatives 2022-05-20 17:56:30: link group pack200 updated to point to /usr/lib/jvm/java-13-openjdk-amd64/bin/pack200
update-alternatives 2022-05-20 17:56:30: run with --install /usr/bin/rmiregistry rmiregistry /usr/lib/jvm/java-13-openjdk-amd64/bin/rmiregistry 1311 --slave /usr/share/man/man1/rmiregistry.1.gz rmiregistry.1.gz /usr/lib/jvm/java-13-openjdk-amd64/man/man1/rmiregistry.1.gz
update-alternatives 2022-05-20 17:56:30: link group rmiregistry updated to point to /usr/lib/jvm/java-13-openjdk-amd64/bin/rmiregistry
update-alternatives 2022-05-20 17:56:30: run with --install /usr/bin/unpack200 unpack200 /usr/lib/jvm/java-13-openjdk-amd64/bin/unpack200 1311 --slave /usr/share/man/man1/unpack200.1.gz unpack200.1.gz /usr/lib/jvm/java-13-openjdk-amd64/man/man1/unpack200.1.gz
update-alternatives 2022-05-20 17:56:30: link group unpack200 updated to point to /usr/lib/jvm/java-13-openjdk-amd64/bin/unpack200
update-alternatives 2022-05-20 17:56:30: run with --install /usr/bin/jfr jfr /usr/lib/jvm/java-13-openjdk-amd64/bin/jfr 1311 --slave /usr/share/man/man1/jfr.1.gz jfr.1.gz /usr/lib/jvm/java-13-openjdk-amd64/man/man1/jfr.1.gz
update-alternatives 2022-05-20 17:56:30: link group jfr updated to point to /usr/lib/jvm/java-13-openjdk-amd64/bin/jfr
update-alternatives 2022-05-20 17:56:30: run with --install /usr/bin/jexec jexec /usr/lib/jvm/java-13-openjdk-amd64/lib/jexec 1311 --slave /usr/share/binfmts/jar jexec-binfmt /usr/lib/jvm/java-13-openjdk-amd64/lib/jar.binfmt
update-alternatives 2022-05-20 17:56:30: link group jexec updated to point to /usr/lib/jvm/java-13-openjdk-amd64/lib/jexec
update-alternatives 2022-05-20 17:56:31: run with --install /usr/bin/jar jar /usr/lib/jvm/java-13-openjdk-amd64/bin/jar 1311 --slave /usr/share/man/man1/jar.1.gz jar.1.gz /usr/lib/jvm/java-13-openjdk-amd64/man/man1/jar.1.gz
update-alternatives 2022-05-20 17:56:31: link group jar updated to point to /usr/lib/jvm/java-13-openjdk-amd64/bin/jar
update-alternatives 2022-05-20 17:56:31: run with --install /usr/bin/jarsigner jarsigner /usr/lib/jvm/java-13-openjdk-amd64/bin/jarsigner 1311 --slave /usr/share/man/man1/jarsigner.1.gz jarsigner.1.gz /usr/lib/jvm/java-13-openjdk-amd64/man/man1/jarsigner.1.gz
update-alternatives 2022-05-20 17:56:31: link group jarsigner updated to point to /usr/lib/jvm/java-13-openjdk-amd64/bin/jarsigner
update-alternatives 2022-05-20 17:56:31: run with --install /usr/bin/javac javac /usr/lib/jvm/java-13-openjdk-amd64/bin/javac 1311 --slave /usr/share/man/man1/javac.1.gz javac.1.gz /usr/lib/jvm/java-13-openjdk-amd64/man/man1/javac.1.gz
update-alternatives 2022-05-20 17:56:31: link group javac updated to point to /usr/lib/jvm/java-13-openjdk-amd64/bin/javac
update-alternatives 2022-05-20 17:56:31: run with --install /usr/bin/javadoc javadoc /usr/lib/jvm/java-13-openjdk-amd64/bin/javadoc 1311 --slave /usr/share/man/man1/javadoc.1.gz javadoc.1.gz /usr/lib/jvm/java-13-openjdk-amd64/man/man1/javadoc.1.gz
update-alternatives 2022-05-20 17:56:31: link group javadoc updated to point to /usr/lib/jvm/java-13-openjdk-amd64/bin/javadoc
update-alternatives 2022-05-20 17:56:31: run with --install /usr/bin/javap javap /usr/lib/jvm/java-13-openjdk-amd64/bin/javap 1311 --slave /usr/share/man/man1/javap.1.gz javap.1.gz /usr/lib/jvm/java-13-openjdk-amd64/man/man1/javap.1.gz
update-alternatives 2022-05-20 17:56:31: link group javap updated to point to /usr/lib/jvm/java-13-openjdk-amd64/bin/javap
update-alternatives 2022-05-20 17:56:31: run with --install /usr/bin/jcmd jcmd /usr/lib/jvm/java-13-openjdk-amd64/bin/jcmd 1311 --slave /usr/share/man/man1/jcmd.1.gz jcmd.1.gz /usr/lib/jvm/java-13-openjdk-amd64/man/man1/jcmd.1.gz
update-alternatives 2022-05-20 17:56:31: link group jcmd updated to point to /usr/lib/jvm/java-13-openjdk-amd64/bin/jcmd
update-alternatives 2022-05-20 17:56:31: run with --install /usr/bin/jdb jdb /usr/lib/jvm/java-13-openjdk-amd64/bin/jdb 1311 --slave /usr/share/man/man1/jdb.1.gz jdb.1.gz /usr/lib/jvm/java-13-openjdk-amd64/man/man1/jdb.1.gz
update-alternatives 2022-05-20 17:56:31: link group jdb updated to point to /usr/lib/jvm/java-13-openjdk-amd64/bin/jdb
update-alternatives 2022-05-20 17:56:31: run with --install /usr/bin/jdeprscan jdeprscan /usr/lib/jvm/java-13-openjdk-amd64/bin/jdeprscan 1311 --slave /usr/share/man/man1/jdeprscan.1.gz jdeprscan.1.gz /usr/lib/jvm/java-13-openjdk-amd64/man/man1/jdeprscan.1.gz
update-alternatives 2022-05-20 17:56:31: link group jdeprscan updated to point to /usr/lib/jvm/java-13-openjdk-amd64/bin/jdeprscan
update-alternatives 2022-05-20 17:56:31: run with --install /usr/bin/jdeps jdeps /usr/lib/jvm/java-13-openjdk-amd64/bin/jdeps 1311 --slave /usr/share/man/man1/jdeps.1.gz jdeps.1.gz /usr/lib/jvm/java-13-openjdk-amd64/man/man1/jdeps.1.gz
update-alternatives 2022-05-20 17:56:31: link group jdeps updated to point to /usr/lib/jvm/java-13-openjdk-amd64/bin/jdeps
update-alternatives 2022-05-20 17:56:31: run with --install /usr/bin/jimage jimage /usr/lib/jvm/java-13-openjdk-amd64/bin/jimage 1311
update-alternatives 2022-05-20 17:56:31: link group jimage updated to point to /usr/lib/jvm/java-13-openjdk-amd64/bin/jimage
update-alternatives 2022-05-20 17:56:31: run with --install /usr/bin/jinfo jinfo /usr/lib/jvm/java-13-openjdk-amd64/bin/jinfo 1311 --slave /usr/share/man/man1/jinfo.1.gz jinfo.1.gz /usr/lib/jvm/java-13-openjdk-amd64/man/man1/jinfo.1.gz
update-alternatives 2022-05-20 17:56:31: link group jinfo updated to point to /usr/lib/jvm/java-13-openjdk-amd64/bin/jinfo
update-alternatives 2022-05-20 17:56:31: run with --install /usr/bin/jlink jlink /usr/lib/jvm/java-13-openjdk-amd64/bin/jlink 1311 --slave /usr/share/man/man1/jlink.1.gz jlink.1.gz /usr/lib/jvm/java-13-openjdk-amd64/man/man1/jlink.1.gz
update-alternatives 2022-05-20 17:56:31: link group jlink updated to point to /usr/lib/jvm/java-13-openjdk-amd64/bin/jlink
update-alternatives 2022-05-20 17:56:31: run with --install /usr/bin/jmap jmap /usr/lib/jvm/java-13-openjdk-amd64/bin/jmap 1311 --slave /usr/share/man/man1/jmap.1.gz jmap.1.gz /usr/lib/jvm/java-13-openjdk-amd64/man/man1/jmap.1.gz
update-alternatives 2022-05-20 17:56:31: link group jmap updated to point to /usr/lib/jvm/java-13-openjdk-amd64/bin/jmap
update-alternatives 2022-05-20 17:56:31: run with --install /usr/bin/jmod jmod /usr/lib/jvm/java-13-openjdk-amd64/bin/jmod 1311 --slave /usr/share/man/man1/jmod.1.gz jmod.1.gz /usr/lib/jvm/java-13-openjdk-amd64/man/man1/jmod.1.gz
update-alternatives 2022-05-20 17:56:31: link group jmod updated to point to /usr/lib/jvm/java-13-openjdk-amd64/bin/jmod
update-alternatives 2022-05-20 17:56:31: run with --install /usr/bin/jps jps /usr/lib/jvm/java-13-openjdk-amd64/bin/jps 1311 --slave /usr/share/man/man1/jps.1.gz jps.1.gz /usr/lib/jvm/java-13-openjdk-amd64/man/man1/jps.1.gz
update-alternatives 2022-05-20 17:56:31: link group jps updated to point to /usr/lib/jvm/java-13-openjdk-amd64/bin/jps
update-alternatives 2022-05-20 17:56:31: run with --install /usr/bin/jrunscript jrunscript /usr/lib/jvm/java-13-openjdk-amd64/bin/jrunscript 1311 --slave /usr/share/man/man1/jrunscript.1.gz jrunscript.1.gz /usr/lib/jvm/java-13-openjdk-amd64/man/man1/jrunscript.1.gz
update-alternatives 2022-05-20 17:56:31: link group jrunscript updated to point to /usr/lib/jvm/java-13-openjdk-amd64/bin/jrunscript
update-alternatives 2022-05-20 17:56:31: run with --install /usr/bin/jshell jshell /usr/lib/jvm/java-13-openjdk-amd64/bin/jshell 1311 --slave /usr/share/man/man1/jshell.1.gz jshell.1.gz /usr/lib/jvm/java-13-openjdk-amd64/man/man1/jshell.1.gz
update-alternatives 2022-05-20 17:56:31: link group jshell updated to point to /usr/lib/jvm/java-13-openjdk-amd64/bin/jshell
update-alternatives 2022-05-20 17:56:31: run with --install /usr/bin/jstack jstack /usr/lib/jvm/java-13-openjdk-amd64/bin/jstack 1311 --slave /usr/share/man/man1/jstack.1.gz jstack.1.gz /usr/lib/jvm/java-13-openjdk-amd64/man/man1/jstack.1.gz
update-alternatives 2022-05-20 17:56:31: link group jstack updated to point to /usr/lib/jvm/java-13-openjdk-amd64/bin/jstack
update-alternatives 2022-05-20 17:56:31: run with --install /usr/bin/jstat jstat /usr/lib/jvm/java-13-openjdk-amd64/bin/jstat 1311 --slave /usr/share/man/man1/jstat.1.gz jstat.1.gz /usr/lib/jvm/java-13-openjdk-amd64/man/man1/jstat.1.gz
update-alternatives 2022-05-20 17:56:31: link group jstat updated to point to /usr/lib/jvm/java-13-openjdk-amd64/bin/jstat
update-alternatives 2022-05-20 17:56:31: run with --install /usr/bin/jstatd jstatd /usr/lib/jvm/java-13-openjdk-amd64/bin/jstatd 1311 --slave /usr/share/man/man1/jstatd.1.gz jstatd.1.gz /usr/lib/jvm/java-13-openjdk-amd64/man/man1/jstatd.1.gz
update-alternatives 2022-05-20 17:56:31: link group jstatd updated to point to /usr/lib/jvm/java-13-openjdk-amd64/bin/jstatd
update-alternatives 2022-05-20 17:56:31: run with --install /usr/bin/rmic rmic /usr/lib/jvm/java-13-openjdk-amd64/bin/rmic 1311 --slave /usr/share/man/man1/rmic.1.gz rmic.1.gz /usr/lib/jvm/java-13-openjdk-amd64/man/man1/rmic.1.gz
update-alternatives 2022-05-20 17:56:31: link group rmic updated to point to /usr/lib/jvm/java-13-openjdk-amd64/bin/rmic
update-alternatives 2022-05-20 17:56:31: run with --install /usr/bin/serialver serialver /usr/lib/jvm/java-13-openjdk-amd64/bin/serialver 1311 --slave /usr/share/man/man1/serialver.1.gz serialver.1.gz /usr/lib/jvm/java-13-openjdk-amd64/man/man1/serialver.1.gz
update-alternatives 2022-05-20 17:56:31: link group serialver updated to point to /usr/lib/jvm/java-13-openjdk-amd64/bin/serialver
update-alternatives 2022-05-20 17:56:31: run with --install /usr/bin/jaotc jaotc /usr/lib/jvm/java-13-openjdk-amd64/bin/jaotc 1311 --slave /usr/share/man/man1/jaotc.1.gz jaotc.1.gz /usr/lib/jvm/java-13-openjdk-amd64/man/man1/jaotc.1.gz
update-alternatives 2022-05-20 17:56:31: link group jaotc updated to point to /usr/lib/jvm/java-13-openjdk-amd64/bin/jaotc
update-alternatives 2022-05-20 17:56:31: run with --install /usr/bin/jhsdb jhsdb /usr/lib/jvm/java-13-openjdk-amd64/bin/jhsdb 1311 --slave /usr/share/man/man1/jhsdb.1.gz jhsdb.1.gz /usr/lib/jvm/java-13-openjdk-amd64/man/man1/jhsdb.1.gz
update-alternatives 2022-05-20 17:56:31: link group jhsdb updated to point to /usr/lib/jvm/java-13-openjdk-amd64/bin/jhsdb
update-alternatives 2022-05-21 14:59:52: run with --remove jar /usr/lib/jvm/java-13-openjdk-amd64/bin/jar
update-alternatives 2022-05-21 14:59:52: link group jar fully removed
update-alternatives 2022-05-21 14:59:52: run with --remove jarsigner /usr/lib/jvm/java-13-openjdk-amd64/bin/jarsigner
update-alternatives 2022-05-21 14:59:52: link group jarsigner fully removed
update-alternatives 2022-05-21 14:59:52: run with --remove javac /usr/lib/jvm/java-13-openjdk-amd64/bin/javac
update-alternatives 2022-05-21 14:59:52: link group javac fully removed
update-alternatives 2022-05-21 14:59:52: run with --remove javadoc /usr/lib/jvm/java-13-openjdk-amd64/bin/javadoc
update-alternatives 2022-05-21 14:59:52: link group javadoc fully removed
update-alternatives 2022-05-21 14:59:52: run with --remove javap /usr/lib/jvm/java-13-openjdk-amd64/bin/javap
update-alternatives 2022-05-21 14:59:52: link group javap fully removed
update-alternatives 2022-05-21 14:59:52: run with --remove jcmd /usr/lib/jvm/java-13-openjdk-amd64/bin/jcmd
update-alternatives 2022-05-21 14:59:52: link group jcmd fully removed
update-alternatives 2022-05-21 14:59:52: run with --remove jdb /usr/lib/jvm/java-13-openjdk-amd64/bin/jdb
update-alternatives 2022-05-21 14:59:52: link group jdb fully removed
update-alternatives 2022-05-21 14:59:52: run with --remove jdeprscan /usr/lib/jvm/java-13-openjdk-amd64/bin/jdeprscan
update-alternatives 2022-05-21 14:59:52: link group jdeprscan fully removed
update-alternatives 2022-05-21 14:59:52: run with --remove jdeps /usr/lib/jvm/java-13-openjdk-amd64/bin/jdeps
update-alternatives 2022-05-21 14:59:52: link group jdeps fully removed
update-alternatives 2022-05-21 14:59:52: run with --remove jimage /usr/lib/jvm/java-13-openjdk-amd64/bin/jimage
update-alternatives 2022-05-21 14:59:52: link group jimage fully removed
update-alternatives 2022-05-21 14:59:52: run with --remove jinfo /usr/lib/jvm/java-13-openjdk-amd64/bin/jinfo
update-alternatives 2022-05-21 14:59:52: link group jinfo fully removed
update-alternatives 2022-05-21 14:59:52: run with --remove jlink /usr/lib/jvm/java-13-openjdk-amd64/bin/jlink
update-alternatives 2022-05-21 14:59:52: link group jlink fully removed
update-alternatives 2022-05-21 14:59:52: run with --remove jmap /usr/lib/jvm/java-13-openjdk-amd64/bin/jmap
update-alternatives 2022-05-21 14:59:52: link group jmap fully removed
update-alternatives 2022-05-21 14:59:52: run with --remove jmod /usr/lib/jvm/java-13-openjdk-amd64/bin/jmod
update-alternatives 2022-05-21 14:59:52: link group jmod fully removed
update-alternatives 2022-05-21 14:59:52: run with --remove jps /usr/lib/jvm/java-13-openjdk-amd64/bin/jps
update-alternatives 2022-05-21 14:59:52: link group jps fully removed
update-alternatives 2022-05-21 14:59:52: run with --remove jrunscript /usr/lib/jvm/java-13-openjdk-amd64/bin/jrunscript
update-alternatives 2022-05-21 14:59:52: link group jrunscript fully removed
update-alternatives 2022-05-21 14:59:52: run with --remove jshell /usr/lib/jvm/java-13-openjdk-amd64/bin/jshell
update-alternatives 2022-05-21 14:59:52: link group jshell fully removed
update-alternatives 2022-05-21 14:59:52: run with --remove jstack /usr/lib/jvm/java-13-openjdk-amd64/bin/jstack
update-alternatives 2022-05-21 14:59:52: link group jstack fully removed
update-alternatives 2022-05-21 14:59:52: run with --remove jstat /usr/lib/jvm/java-13-openjdk-amd64/bin/jstat
update-alternatives 2022-05-21 14:59:52: link group jstat fully removed
update-alternatives 2022-05-21 14:59:52: run with --remove jstatd /usr/lib/jvm/java-13-openjdk-amd64/bin/jstatd
update-alternatives 2022-05-21 14:59:52: link group jstatd fully removed
update-alternatives 2022-05-21 14:59:52: run with --remove rmic /usr/lib/jvm/java-13-openjdk-amd64/bin/rmic
update-alternatives 2022-05-21 14:59:52: link group rmic fully removed
update-alternatives 2022-05-21 14:59:52: run with --remove serialver /usr/lib/jvm/java-13-openjdk-amd64/bin/serialver
update-alternatives 2022-05-21 14:59:52: link group serialver fully removed
update-alternatives 2022-05-21 14:59:52: run with --remove jaotc /usr/lib/jvm/java-13-openjdk-amd64/bin/jaotc
update-alternatives 2022-05-21 14:59:52: link group jaotc fully removed
update-alternatives 2022-05-21 14:59:52: run with --remove jhsdb /usr/lib/jvm/java-13-openjdk-amd64/bin/jhsdb
update-alternatives 2022-05-21 14:59:52: link group jhsdb fully removed
update-alternatives 2022-05-21 15:09:55: run with --install /usr/bin/java java /usr/lib/jvm/java-17-openjdk-amd64/bin/java 1711 --slave /usr/share/man/man1/java.1.gz java.1.gz /usr/lib/jvm/java-17-openjdk-amd64/man/man1/java.1.gz
update-alternatives 2022-05-21 15:09:55: link group java updated to point to /usr/lib/jvm/java-17-openjdk-amd64/bin/java
update-alternatives 2022-05-21 15:09:55: run with --install /usr/bin/jpackage jpackage /usr/lib/jvm/java-17-openjdk-amd64/bin/jpackage 1711 --slave /usr/share/man/man1/jpackage.1.gz jpackage.1.gz /usr/lib/jvm/java-17-openjdk-amd64/man/man1/jpackage.1.gz
update-alternatives 2022-05-21 15:09:55: link group jpackage updated to point to /usr/lib/jvm/java-17-openjdk-amd64/bin/jpackage
update-alternatives 2022-05-21 15:09:55: run with --install /usr/bin/keytool keytool /usr/lib/jvm/java-17-openjdk-amd64/bin/keytool 1711 --slave /usr/share/man/man1/keytool.1.gz keytool.1.gz /usr/lib/jvm/java-17-openjdk-amd64/man/man1/keytool.1.gz
update-alternatives 2022-05-21 15:09:55: link group keytool updated to point to /usr/lib/jvm/java-17-openjdk-amd64/bin/keytool
update-alternatives 2022-05-21 15:09:55: run with --install /usr/bin/rmiregistry rmiregistry /usr/lib/jvm/java-17-openjdk-amd64/bin/rmiregistry 1711 --slave /usr/share/man/man1/rmiregistry.1.gz rmiregistry.1.gz /usr/lib/jvm/java-17-openjdk-amd64/man/man1/rmiregistry.1.gz
update-alternatives 2022-05-21 15:09:55: link group rmiregistry updated to point to /usr/lib/jvm/java-17-openjdk-amd64/bin/rmiregistry
update-alternatives 2022-05-21 15:09:55: run with --install /usr/bin/jexec jexec /usr/lib/jvm/java-17-openjdk-amd64/lib/jexec 1711 --slave /usr/share/binfmts/jar jexec-binfmt /usr/lib/jvm/java-17-openjdk-amd64/lib/jar.binfmt
update-alternatives 2022-05-21 15:09:55: link group jexec updated to point to /usr/lib/jvm/java-17-openjdk-amd64/lib/jexec
update-alternatives 2022-05-21 15:09:55: run with --install /usr/bin/jar jar /usr/lib/jvm/java-17-openjdk-amd64/bin/jar 1711 --slave /usr/share/man/man1/jar.1.gz jar.1.gz /usr/lib/jvm/java-17-openjdk-amd64/man/man1/jar.1.gz
update-alternatives 2022-05-21 15:09:55: link group jar updated to point to /usr/lib/jvm/java-17-openjdk-amd64/bin/jar
update-alternatives 2022-05-21 15:09:55: run with --install /usr/bin/jarsigner jarsigner /usr/lib/jvm/java-17-openjdk-amd64/bin/jarsigner 1711 --slave /usr/share/man/man1/jarsigner.1.gz jarsigner.1.gz /usr/lib/jvm/java-17-openjdk-amd64/man/man1/jarsigner.1.gz
update-alternatives 2022-05-21 15:09:55: link group jarsigner updated to point to /usr/lib/jvm/java-17-openjdk-amd64/bin/jarsigner
update-alternatives 2022-05-21 15:09:55: run with --install /usr/bin/javac javac /usr/lib/jvm/java-17-openjdk-amd64/bin/javac 1711 --slave /usr/share/man/man1/javac.1.gz javac.1.gz /usr/lib/jvm/java-17-openjdk-amd64/man/man1/javac.1.gz
update-alternatives 2022-05-21 15:09:55: link group javac updated to point to /usr/lib/jvm/java-17-openjdk-amd64/bin/javac
update-alternatives 2022-05-21 15:09:55: run with --install /usr/bin/javadoc javadoc /usr/lib/jvm/java-17-openjdk-amd64/bin/javadoc 1711 --slave /usr/share/man/man1/javadoc.1.gz javadoc.1.gz /usr/lib/jvm/java-17-openjdk-amd64/man/man1/javadoc.1.gz
update-alternatives 2022-05-21 15:09:55: link group javadoc updated to point to /usr/lib/jvm/java-17-openjdk-amd64/bin/javadoc
update-alternatives 2022-05-21 15:09:55: run with --install /usr/bin/javap javap /usr/lib/jvm/java-17-openjdk-amd64/bin/javap 1711 --slave /usr/share/man/man1/javap.1.gz javap.1.gz /usr/lib/jvm/java-17-openjdk-amd64/man/man1/javap.1.gz
update-alternatives 2022-05-21 15:09:55: link group javap updated to point to /usr/lib/jvm/java-17-openjdk-amd64/bin/javap
update-alternatives 2022-05-21 15:09:55: run with --install /usr/bin/jcmd jcmd /usr/lib/jvm/java-17-openjdk-amd64/bin/jcmd 1711 --slave /usr/share/man/man1/jcmd.1.gz jcmd.1.gz /usr/lib/jvm/java-17-openjdk-amd64/man/man1/jcmd.1.gz
update-alternatives 2022-05-21 15:09:55: link group jcmd updated to point to /usr/lib/jvm/java-17-openjdk-amd64/bin/jcmd
update-alternatives 2022-05-21 15:09:55: run with --install /usr/bin/jdb jdb /usr/lib/jvm/java-17-openjdk-amd64/bin/jdb 1711 --slave /usr/share/man/man1/jdb.1.gz jdb.1.gz /usr/lib/jvm/java-17-openjdk-amd64/man/man1/jdb.1.gz
update-alternatives 2022-05-21 15:09:55: link group jdb updated to point to /usr/lib/jvm/java-17-openjdk-amd64/bin/jdb
update-alternatives 2022-05-21 15:09:55: run with --install /usr/bin/jdeprscan jdeprscan /usr/lib/jvm/java-17-openjdk-amd64/bin/jdeprscan 1711 --slave /usr/share/man/man1/jdeprscan.1.gz jdeprscan.1.gz /usr/lib/jvm/java-17-openjdk-amd64/man/man1/jdeprscan.1.gz
update-alternatives 2022-05-21 15:09:55: link group jdeprscan updated to point to /usr/lib/jvm/java-17-openjdk-amd64/bin/jdeprscan
update-alternatives 2022-05-21 15:09:55: run with --install /usr/bin/jdeps jdeps /usr/lib/jvm/java-17-openjdk-amd64/bin/jdeps 1711 --slave /usr/share/man/man1/jdeps.1.gz jdeps.1.gz /usr/lib/jvm/java-17-openjdk-amd64/man/man1/jdeps.1.gz
update-alternatives 2022-05-21 15:09:55: link group jdeps updated to point to /usr/lib/jvm/java-17-openjdk-amd64/bin/jdeps
update-alternatives 2022-05-21 15:09:55: run with --install /usr/bin/jfr jfr /usr/lib/jvm/java-17-openjdk-amd64/bin/jfr 1711 --slave /usr/share/man/man1/jfr.1.gz jfr.1.gz /usr/lib/jvm/java-17-openjdk-amd64/man/man1/jfr.1.gz
update-alternatives 2022-05-21 15:09:55: link group jfr updated to point to /usr/lib/jvm/java-17-openjdk-amd64/bin/jfr
update-alternatives 2022-05-21 15:09:55: run with --install /usr/bin/jimage jimage /usr/lib/jvm/java-17-openjdk-amd64/bin/jimage 1711
update-alternatives 2022-05-21 15:09:55: link group jimage updated to point to /usr/lib/jvm/java-17-openjdk-amd64/bin/jimage
update-alternatives 2022-05-21 15:09:55: run with --install /usr/bin/jinfo jinfo /usr/lib/jvm/java-17-openjdk-amd64/bin/jinfo 1711 --slave /usr/share/man/man1/jinfo.1.gz jinfo.1.gz /usr/lib/jvm/java-17-openjdk-amd64/man/man1/jinfo.1.gz
update-alternatives 2022-05-21 15:09:55: link group jinfo updated to point to /usr/lib/jvm/java-17-openjdk-amd64/bin/jinfo
update-alternatives 2022-05-21 15:09:55: run with --install /usr/bin/jlink jlink /usr/lib/jvm/java-17-openjdk-amd64/bin/jlink 1711 --slave /usr/share/man/man1/jlink.1.gz jlink.1.gz /usr/lib/jvm/java-17-openjdk-amd64/man/man1/jlink.1.gz
update-alternatives 2022-05-21 15:09:55: link group jlink updated to point to /usr/lib/jvm/java-17-openjdk-amd64/bin/jlink
update-alternatives 2022-05-21 15:09:55: run with --install /usr/bin/jmap jmap /usr/lib/jvm/java-17-openjdk-amd64/bin/jmap 1711 --slave /usr/share/man/man1/jmap.1.gz jmap.1.gz /usr/lib/jvm/java-17-openjdk-amd64/man/man1/jmap.1.gz
update-alternatives 2022-05-21 15:09:55: link group jmap updated to point to /usr/lib/jvm/java-17-openjdk-amd64/bin/jmap
update-alternatives 2022-05-21 15:09:55: run with --install /usr/bin/jmod jmod /usr/lib/jvm/java-17-openjdk-amd64/bin/jmod 1711 --slave /usr/share/man/man1/jmod.1.gz jmod.1.gz /usr/lib/jvm/java-17-openjdk-amd64/man/man1/jmod.1.gz
update-alternatives 2022-05-21 15:09:55: link group jmod updated to point to /usr/lib/jvm/java-17-openjdk-amd64/bin/jmod
update-alternatives 2022-05-21 15:09:55: run with --install /usr/bin/jps jps /usr/lib/jvm/java-17-openjdk-amd64/bin/jps 1711 --slave /usr/share/man/man1/jps.1.gz jps.1.gz /usr/lib/jvm/java-17-openjdk-amd64/man/man1/jps.1.gz
update-alternatives 2022-05-21 15:09:55: link group jps updated to point to /usr/lib/jvm/java-17-openjdk-amd64/bin/jps
update-alternatives 2022-05-21 15:09:55: run with --install /usr/bin/jrunscript jrunscript /usr/lib/jvm/java-17-openjdk-amd64/bin/jrunscript 1711 --slave /usr/share/man/man1/jrunscript.1.gz jrunscript.1.gz /usr/lib/jvm/java-17-openjdk-amd64/man/man1/jrunscript.1.gz
update-alternatives 2022-05-21 15:09:55: link group jrunscript updated to point to /usr/lib/jvm/java-17-openjdk-amd64/bin/jrunscript
update-alternatives 2022-05-21 15:09:55: run with --install /usr/bin/jshell jshell /usr/lib/jvm/java-17-openjdk-amd64/bin/jshell 1711 --slave /usr/share/man/man1/jshell.1.gz jshell.1.gz /usr/lib/jvm/java-17-openjdk-amd64/man/man1/jshell.1.gz
update-alternatives 2022-05-21 15:09:55: link group jshell updated to point to /usr/lib/jvm/java-17-openjdk-amd64/bin/jshell
update-alternatives 2022-05-21 15:09:55: run with --install /usr/bin/jstack jstack /usr/lib/jvm/java-17-openjdk-amd64/bin/jstack 1711 --slave /usr/share/man/man1/jstack.1.gz jstack.1.gz /usr/lib/jvm/java-17-openjdk-amd64/man/man1/jstack.1.gz
update-alternatives 2022-05-21 15:09:55: link group jstack updated to point to /usr/lib/jvm/java-17-openjdk-amd64/bin/jstack
update-alternatives 2022-05-21 15:09:55: run with --install /usr/bin/jstat jstat /usr/lib/jvm/java-17-openjdk-amd64/bin/jstat 1711 --slave /usr/share/man/man1/jstat.1.gz jstat.1.gz /usr/lib/jvm/java-17-openjdk-amd64/man/man1/jstat.1.gz
update-alternatives 2022-05-21 15:09:55: link group jstat updated to point to /usr/lib/jvm/java-17-openjdk-amd64/bin/jstat
update-alternatives 2022-05-21 15:09:55: run with --install /usr/bin/jstatd jstatd /usr/lib/jvm/java-17-openjdk-amd64/bin/jstatd 1711 --slave /usr/share/man/man1/jstatd.1.gz jstatd.1.gz /usr/lib/jvm/java-17-openjdk-amd64/man/man1/jstatd.1.gz
update-alternatives 2022-05-21 15:09:55: link group jstatd updated to point to /usr/lib/jvm/java-17-openjdk-amd64/bin/jstatd
update-alternatives 2022-05-21 15:09:55: run with --install /usr/bin/serialver serialver /usr/lib/jvm/java-17-openjdk-amd64/bin/serialver 1711 --slave /usr/share/man/man1/serialver.1.gz serialver.1.gz /usr/lib/jvm/java-17-openjdk-amd64/man/man1/serialver.1.gz
update-alternatives 2022-05-21 15:09:55: link group serialver updated to point to /usr/lib/jvm/java-17-openjdk-amd64/bin/serialver
update-alternatives 2022-05-21 15:09:55: run with --install /usr/bin/jhsdb jhsdb /usr/lib/jvm/java-17-openjdk-amd64/bin/jhsdb 1711 --slave /usr/share/man/man1/jhsdb.1.gz jhsdb.1.gz /usr/lib/jvm/java-17-openjdk-amd64/man/man1/jhsdb.1.gz
update-alternatives 2022-05-21 15:09:55: link group jhsdb updated to point to /usr/lib/jvm/java-17-openjdk-amd64/bin/jhsdb
update-alternatives 2022-05-24 16:03:35: run with --install /usr/bin/js js /usr/bin/nodejs 200 --slave /usr/share/man/man1/js.1.gz js.1.gz /usr/share/man/man1/nodejs.1.gz
update-alternatives 2022-05-24 16:03:35: link group js updated to point to /usr/bin/nodejs
update-alternatives 2022-05-30 02:05:52: run with --install /usr/bin/www-browser www-browser /usr/bin/lynx 40 --slave /usr/share/man/man1/www-browser.1.gz www-browser.1.gz /usr/share/man/man1/lynx.1.gz
update-alternatives 2022-05-30 02:05:52: link group www-browser updated to point to /usr/bin/lynx
