
Start-Date: 2021-08-19  21:52:34
Commandline: apt-get --purge remove --assume-yes ^linux-.* linux-base+
Purge: linux-headers-5.4.0-81-generic:amd64 (5.4.0-81.91), linux-headers-generic:amd64 (5.4.0.81.85), linux-modules-5.4.0-81-generic:amd64 (5.4.0-81.91), linux-virtual:amd64 (5.4.0.81.85), linux-headers-5.4.0-81:amd64 (5.4.0-81.91), linux-headers-virtual:amd64 (5.4.0.81.85), linux-image-5.4.0-81-generic:amd64 (5.4.0-81.91), linux-image-virtual:amd64 (5.4.0.81.85)
End-Date: 2021-08-19  21:52:35

Start-Date: 2021-08-19  21:52:38
Commandline: apt-get --purge remove --assume-yes ^grub-.*
Purge: os-prober:amd64 (1.74ubuntu2), grub-common:amd64 (2.04-1ubuntu26.13), grub2-common:amd64 (2.04-1ubuntu26.13), grub-pc:amd64 (2.04-1ubuntu26.13), grub-pc-bin:amd64 (2.04-1ubuntu26.13), grub-gfxpayload-lists:amd64 (0.7)
End-Date: 2021-08-19  21:52:39

Start-Date: 2021-08-19  22:20:46
Commandline: apt-get -y -qq install ubuntu-wsl
Install: dbus-x11:amd64 (1.12.16-2ubuntu2.1, automatic), update-motd:amd64 (3.6-0ubuntu6.1, automatic), libfontenc1:amd64 (1:1.1.4-0ubuntu1, automatic), libvulkan1:amd64 (1.2.131.2-1, automatic), wslu:amd64 (2.3.6-0ubuntu2~20.04.0, automatic), libdrm-nouveau2:amd64 (2.4.105-3~20.04.1, automatic), libxcb-xfixes0:amd64 (1.14-2, automatic), libpulsedsp:amd64 (1:13.99.1-1ubuntu3.11, automatic), libpciaccess0:amd64 (0.16-0ubuntu1, automatic), libxcb-present0:amd64 (1.14-2, automatic), libgl1:amd64 (1.3.2-1~ubuntu0.20.04.1, automatic), libglapi-mesa:amd64 (21.0.3-0ubuntu0.3~20.04.1, automatic), libxkbfile1:amd64 (1:1.1.0-1, automatic), libxrender1:amd64 (1:0.9.10-1, automatic), libxcb-shm0:amd64 (1.14-2, automatic), libxcb-randr0:amd64 (1.14-2, automatic), fontconfig-config:amd64 (2.13.1-2ubuntu3, automatic), libxshmfence1:amd64 (1.3-1, automatic), libsm6:amd64 (2:1.2.3-1, automatic), libwayland-client0:amd64 (1.18.0-1, automatic), libdrm-amdgpu1:amd64 (2.4.105-3~20.04.1, automatic), libllvm12:amd64 (1:12.0.0-3ubuntu1~20.04.3, automatic), libxaw7:amd64 (2:1.0.13-1, automatic), libxcomposite1:amd64 (1:0.4.5-1, automatic), libpulse0:amd64 (1:13.99.1-1ubuntu3.11, automatic), libxtst6:amd64 (2:1.2.3-1, automatic), libxi6:amd64 (2:1.7.10-0ubuntu1, automatic), libxt6:amd64 (1:1.1.5-1, automatic), libxv1:amd64 (2:1.0.11-1, automatic), libvorbisenc2:amd64 (1.3.6-2ubuntu1, automatic), libxinerama1:amd64 (2:1.1.4-2, automatic), fonts-dejavu-core:amd64 (2.37-1, automatic), libxft2:amd64 (2.3.3-0ubuntu1, automatic), libxrandr2:amd64 (2:1.5.2-0ubuntu1, automatic), libsndfile1:amd64 (1.0.28-7ubuntu0.1, automatic), libxcb-shape0:amd64 (1.14-2, automatic), libglx0:amd64 (1.3.2-1~ubuntu0.20.04.1, automatic), libxfixes3:amd64 (1:5.0.3-2, automatic), libxxf86dga1:amd64 (2:1.1.5-0ubuntu1, automatic), libfontconfig1:amd64 (2.13.1-2ubuntu3, automatic), libasyncns0:amd64 (0.8-6, automatic), libgl1-mesa-dri:amd64 (21.0.3-0ubuntu0.3~20.04.1, automatic), libxxf86vm1:amd64 (1:1.1.4-1build1, automatic), libxmu6:amd64 (2:1.1.3-0ubuntu1, automatic), libflac8:amd64 (1.3.3-1build1, automatic), libdrm-intel1:amd64 (2.4.105-3~20.04.1, automatic), libsensors-config:amd64 (1:3.6.0-2ubuntu1, automatic), x11-common:amd64 (1:7.7+19ubuntu14, automatic), libdrm-radeon1:amd64 (2.4.105-3~20.04.1, automatic), libxpm4:amd64 (1:3.5.12-1, automatic), x11-utils:amd64 (7.7+5, automatic), mesa-vulkan-drivers:amd64 (21.0.3-0ubuntu0.3~20.04.1, automatic), libice6:amd64 (2:1.0.10-0ubuntu1, automatic), show-motd:amd64 (3.6-0ubuntu6.1, automatic), ubuntu-wsl:amd64 (1.450.2), libxcb-glx0:amd64 (1.14-2, automatic), pulseaudio-utils:amd64 (1:13.99.1-1ubuntu3.11, automatic), libxcb-dri2-0:amd64 (1.14-2, automatic), libsensors5:amd64 (1:3.6.0-2ubuntu1, automatic), libxcb-dri3-0:amd64 (1.14-2, automatic), libx11-xcb1:amd64 (2:1.6.9-2ubuntu1.2, automatic), libxcb-sync1:amd64 (1.14-2, automatic), libglx-mesa0:amd64 (21.0.3-0ubuntu0.3~20.04.1, automatic), libglvnd0:amd64 (1.3.2-1~ubuntu0.20.04.1, automatic)
End-Date: 2021-08-19  22:20:53

Start-Date: 2022-01-11  18:23:50
Commandline: apt-get install cmake
Requested-By: kmburu (1000)
Install: libmpc3:amd64 (1.1.0-1, automatic), linux-libc-dev:amd64 (5.4.0-94.106, automatic), gcc-9-base:amd64 (9.3.0-17ubuntu1~20.04, automatic), libc6-dev:amd64 (2.31-0ubuntu9.2, automatic), libctf-nobfd0:amd64 (2.34-6ubuntu1.3, automatic), cpp-9:amd64 (9.3.0-17ubuntu1~20.04, automatic), binutils:amd64 (2.34-6ubuntu1.3, automatic), cpp:amd64 (4:9.3.0-1ubuntu2, automatic), libitm1:amd64 (10.3.0-1ubuntu1~20.04, automatic), librhash0:amd64 (1.3.9-1, automatic), gcc:amd64 (4:9.3.0-1ubuntu2, automatic), cmake-data:amd64 (3.16.3-1ubuntu1, automatic), libasan5:amd64 (9.3.0-17ubuntu1~20.04, automatic), libquadmath0:amd64 (10.3.0-1ubuntu1~20.04, automatic), libisl22:amd64 (0.22.1-1, automatic), binutils-x86-64-linux-gnu:amd64 (2.34-6ubuntu1.3, automatic), libcrypt-dev:amd64 (1:4.4.10-10ubuntu4, automatic), libtsan0:amd64 (10.3.0-1ubuntu1~20.04, automatic), libubsan1:amd64 (10.3.0-1ubuntu1~20.04, automatic), make:amd64 (4.2.1-1.2, automatic), gcc-9:amd64 (9.3.0-17ubuntu1~20.04, automatic), liblsan0:amd64 (10.3.0-1ubuntu1~20.04, automatic), libgomp1:amd64 (10.3.0-1ubuntu1~20.04, automatic), manpages-dev:amd64 (5.05-1, automatic), binutils-common:amd64 (2.34-6ubuntu1.3, automatic), libc-dev-bin:amd64 (2.31-0ubuntu9.2, automatic), libbinutils:amd64 (2.34-6ubuntu1.3, automatic), cmake:amd64 (3.16.3-1ubuntu1), libatomic1:amd64 (10.3.0-1ubuntu1~20.04, automatic), libjsoncpp1:amd64 (1.7.4-3.1ubuntu2, automatic), libcc1-0:amd64 (10.3.0-1ubuntu1~20.04, automatic), libctf0:amd64 (2.34-6ubuntu1.3, automatic), libgcc-9-dev:amd64 (9.3.0-17ubuntu1~20.04, automatic)
End-Date: 2022-01-11  18:24:17

Start-Date: 2022-01-11  18:24:48
Commandline: apt-get install git
Requested-By: kmburu (1000)
Upgrade: git:amd64 (1:2.25.1-1ubuntu3.1, 1:2.25.1-1ubuntu3.2)
End-Date: 2022-01-11  18:24:49

Start-Date: 2022-01-11  18:25:24
Commandline: apt-get install g++
Requested-By: kmburu (1000)
Install: g++:amd64 (4:9.3.0-1ubuntu2), libstdc++-9-dev:amd64 (9.3.0-17ubuntu1~20.04, automatic), g++-9:amd64 (9.3.0-17ubuntu1~20.04, automatic)
End-Date: 2022-01-11  18:25:27

Start-Date: 2022-01-11  18:25:39
Commandline: apt-get install vim
Requested-By: kmburu (1000)
Upgrade: vim-common:amd64 (2:8.1.2269-1ubuntu5, 2:8.1.2269-1ubuntu5.4), vim-runtime:amd64 (2:8.1.2269-1ubuntu5, 2:8.1.2269-1ubuntu5.4), vim:amd64 (2:8.1.2269-1ubuntu5, 2:8.1.2269-1ubuntu5.4), vim-tiny:amd64 (2:8.1.2269-1ubuntu5, 2:8.1.2269-1ubuntu5.4)
End-Date: 2022-01-11  18:25:48

Start-Date: 2022-01-11  18:26:02
Commandline: apt-get install libc6-dev-i386
Requested-By: kmburu (1000)
Install: lib32ubsan1:amd64 (10.3.0-1ubuntu1~20.04, automatic), libx32itm1:amd64 (10.3.0-1ubuntu1~20.04, automatic), libc6-dev-x32:amd64 (2.31-0ubuntu9.2, automatic), libc6-dev-i386:amd64 (2.31-0ubuntu9.2), lib32stdc++6:amd64 (10.3.0-1ubuntu1~20.04, automatic), libx32quadmath0:amd64 (10.3.0-1ubuntu1~20.04, automatic), lib32gcc-s1:amd64 (10.3.0-1ubuntu1~20.04, automatic), lib32itm1:amd64 (10.3.0-1ubuntu1~20.04, automatic), lib32asan5:amd64 (9.3.0-17ubuntu1~20.04, automatic), lib32gcc-9-dev:amd64 (9.3.0-17ubuntu1~20.04, automatic), gcc-9-multilib:amd64 (9.3.0-17ubuntu1~20.04, automatic), libc6-x32:amd64 (2.31-0ubuntu9.2, automatic), libx32asan5:amd64 (9.3.0-17ubuntu1~20.04, automatic), lib32gomp1:amd64 (10.3.0-1ubuntu1~20.04, automatic), libc6-i386:amd64 (2.31-0ubuntu9.2, automatic), gcc-multilib:amd64 (4:9.3.0-1ubuntu2, automatic), lib32quadmath0:amd64 (10.3.0-1ubuntu1~20.04, automatic), libx32ubsan1:amd64 (10.3.0-1ubuntu1~20.04, automatic), libx32gcc-s1:amd64 (10.3.0-1ubuntu1~20.04, automatic), libx32gcc-9-dev:amd64 (9.3.0-17ubuntu1~20.04, automatic), libx32gomp1:amd64 (10.3.0-1ubuntu1~20.04, automatic), lib32atomic1:amd64 (10.3.0-1ubuntu1~20.04, automatic), libx32atomic1:amd64 (10.3.0-1ubuntu1~20.04, automatic), libx32stdc++6:amd64 (10.3.0-1ubuntu1~20.04, automatic)
End-Date: 2022-01-11  18:26:21

Start-Date: 2022-01-11  18:26:37
Commandline: apt-get install hexedit
Requested-By: kmburu (1000)
Install: hexedit:amd64 (1.4.2-6)
End-Date: 2022-01-11  18:26:39

Start-Date: 2022-01-11  18:26:53
Commandline: apt-get install valgrind
Requested-By: kmburu (1000)
Install: libdw1:amd64 (0.176-1.1build1, automatic), libc6-dbg:amd64 (2.31-0ubuntu9.2, automatic), valgrind:amd64 (1:3.15.0-1ubuntu9.1), libbabeltrace1:amd64 (1.5.8-1build1, automatic), gdb:amd64 (9.2-0ubuntu1~20.04, automatic), gdbserver:amd64 (9.2-0ubuntu1~20.04, automatic)
End-Date: 2022-01-11  18:27:10

Start-Date: 2022-01-20  09:43:28
Commandline: apt install python3-pip
Requested-By: kmburu (1000)
Install: python3-dev:amd64 (3.8.2-0ubuntu2, automatic), libpython3.8-dev:amd64 (3.8.10-0ubuntu1~20.04.2, automatic), libfakeroot:amd64 (1.24-1, automatic), libexpat1-dev:amd64 (2.2.9-1build1, automatic), libalgorithm-diff-perl:amd64 (1.19.03-2, automatic), libalgorithm-merge-perl:amd64 (0.08-3, automatic), python3-pip:amd64 (20.0.2-5ubuntu1.6), python3-wheel:amd64 (0.34.2-1, automatic), zlib1g-dev:amd64 (1:1.2.11.dfsg-2ubuntu1.2, automatic), build-essential:amd64 (12.8ubuntu1.1, automatic), libfile-fcntllock-perl:amd64 (0.22-3build4, automatic), fakeroot:amd64 (1.24-1, automatic), python3.8-dev:amd64 (3.8.10-0ubuntu1~20.04.2, automatic), libpython3-dev:amd64 (3.8.2-0ubuntu2, automatic), libdpkg-perl:amd64 (1.19.7ubuntu3, automatic), libalgorithm-diff-xs-perl:amd64 (0.04-6, automatic), python-pip-whl:amd64 (20.0.2-5ubuntu1.6, automatic), dpkg-dev:amd64 (1.19.7ubuntu3, automatic)
Upgrade: libpython3.8-minimal:amd64 (3.8.10-0ubuntu1~20.04, 3.8.10-0ubuntu1~20.04.2), libpython3.8:amd64 (3.8.10-0ubuntu1~20.04, 3.8.10-0ubuntu1~20.04.2), python3.8:amd64 (3.8.10-0ubuntu1~20.04, 3.8.10-0ubuntu1~20.04.2), python3.8-minimal:amd64 (3.8.10-0ubuntu1~20.04, 3.8.10-0ubuntu1~20.04.2), libpython3.8-stdlib:amd64 (3.8.10-0ubuntu1~20.04, 3.8.10-0ubuntu1~20.04.2)
End-Date: 2022-01-20  09:44:13

Start-Date: 2022-01-26  11:42:03
Commandline: apt install visidata
Requested-By: kmburu (1000)
Install: python3-dateutil:amd64 (2.7.3-3ubuntu1, automatic), visidata:amd64 (1.5.2-1)
End-Date: 2022-01-26  11:42:06

Start-Date: 2022-01-26  11:43:52
Commandline: apt install e3
Requested-By: kmburu (1000)
Install: e3:amd64 (1:2.71-2)
End-Date: 2022-01-26  11:43:53

Start-Date: 2022-01-26  12:12:24
Commandline: apt-get install python3-tk
Requested-By: kmburu (1000)
Install: libtcl8.6:amd64 (8.6.10+dfsg-1, automatic), blt:amd64 (2.5.3+dfsg-4, automatic), tk8.6-blt2.5:amd64 (2.5.3+dfsg-4, automatic), python3-tk:amd64 (3.8.10-0ubuntu1~20.04), libtk8.6:amd64 (8.6.10-1, automatic), libxss1:amd64 (1:1.2.3-1, automatic)
End-Date: 2022-01-26  12:12:25

Start-Date: 2022-02-05  11:53:23
Commandline: apt install wsl
Requested-By: kmburu (1000)
Install: libxml2-utils:amd64 (2.9.10+dfsg-5ubuntu0.20.04.1, automatic), wsl:amd64 (0.2.1-1), xsltproc:amd64 (1.1.34-4, automatic)
End-Date: 2022-02-05  11:53:24

Start-Date: 2022-03-23  11:24:41
Commandline: apt install vowpal-wabbit
Requested-By: kmburu (1000)
Install: libboost-program-options1.71.0:amd64 (1.71.0-6ubuntu6, automatic), vowpal-wabbit:amd64 (8.6.1.dfsg1-1build2), libvw0:amd64 (8.6.1.dfsg1-1build2, automatic)
End-Date: 2022-03-23  11:24:44

Start-Date: 2022-03-30  12:04:18
Commandline: apt install graphviz
Requested-By: kmburu (1000)
Install: libwebp6:amd64 (0.6.1-2ubuntu0.20.04.1, automatic), libpangoft2-1.0-0:amd64 (1.44.7-2ubuntu4, automatic), libgts-bin:amd64 (0.7.6+darcs121130-4, automatic), libgd3:amd64 (2.2.5-5.2ubuntu2.1, automatic), libpixman-1-0:amd64 (0.38.4-0ubuntu1, automatic), libgts-0.7-5:amd64 (0.7.6+darcs121130-4, automatic), libcgraph6:amd64 (2.42.2-3build2, automatic), libthai-data:amd64 (0.1.28-3, automatic), libxcb-render0:amd64 (1.14-2, automatic), liblab-gamut1:amd64 (2.42.2-3build2, automatic), libann0:amd64 (1.1.2+doc-7build1, automatic), fontconfig:amd64 (2.13.1-2ubuntu3, automatic), libtiff5:amd64 (4.1.0+git191117-2ubuntu0.20.04.2, automatic), libpangocairo-1.0-0:amd64 (1.44.7-2ubuntu4, automatic), libcdt5:amd64 (2.42.2-3build2, automatic), libjpeg8:amd64 (8c-2ubuntu8, automatic), libpathplan4:amd64 (2.42.2-3build2, automatic), libthai0:amd64 (0.1.28-3, automatic), libgvpr2:amd64 (2.42.2-3build2, automatic), libgraphite2-3:amd64 (1.3.13-11build1, automatic), libjpeg-turbo8:amd64 (2.0.3-0ubuntu1.20.04.1, automatic), libjbig0:amd64 (2.1-3.1build1, automatic), libharfbuzz0b:amd64 (2.6.4-1ubuntu4, automatic), libgvc6:amd64 (2.42.2-3build2, automatic), libcairo2:amd64 (1.16.0-4ubuntu1, automatic), libpango-1.0-0:amd64 (1.44.7-2ubuntu4, automatic), fonts-liberation:amd64 (1:1.07.4-11, automatic), graphviz:amd64 (2.42.2-3build2), libdatrie1:amd64 (0.2.12-3, automatic)
End-Date: 2022-03-30  12:04:33

Start-Date: 2022-04-07  09:11:39
Commandline: apt install python3.8-venv
Requested-By: kmburu (1000)
Install: python3.8-venv:amd64 (3.8.10-0ubuntu1~20.04.4)
Upgrade: libpython3.8-dev:amd64 (3.8.10-0ubuntu1~20.04.2, 3.8.10-0ubuntu1~20.04.4), libpython3.8-minimal:amd64 (3.8.10-0ubuntu1~20.04.2, 3.8.10-0ubuntu1~20.04.4), libpython3.8:amd64 (3.8.10-0ubuntu1~20.04.2, 3.8.10-0ubuntu1~20.04.4), python3.8:amd64 (3.8.10-0ubuntu1~20.04.2, 3.8.10-0ubuntu1~20.04.4), python3.8-minimal:amd64 (3.8.10-0ubuntu1~20.04.2, 3.8.10-0ubuntu1~20.04.4), libpython3.8-stdlib:amd64 (3.8.10-0ubuntu1~20.04.2, 3.8.10-0ubuntu1~20.04.4), python3.8-dev:amd64 (3.8.10-0ubuntu1~20.04.2, 3.8.10-0ubuntu1~20.04.4)
End-Date: 2022-04-07  09:11:46

Start-Date: 2022-04-28  13:01:37
Commandline: apt-get install wget
Requested-By: kmburu (1000)
Upgrade: wget:amd64 (1.20.3-1ubuntu1, 1.20.3-1ubuntu2)
End-Date: 2022-04-28  13:01:39

Start-Date: 2022-04-28  13:01:48
Commandline: apt-get install zip unzip
Requested-By: kmburu (1000)
Install: unzip:amd64 (6.0-25ubuntu1), zip:amd64 (3.0-11build1)
End-Date: 2022-04-28  13:01:51

Start-Date: 2022-05-20  17:55:47
Commandline: apt install openjdk-13-jdk-headless
Requested-By: kmburu (1000)
Install: ca-certificates-java:amd64 (20190405ubuntu1, automatic), libcups2:amd64 (2.3.1-9ubuntu1.1, automatic), libpcsclite1:amd64 (1.8.26-3, automatic), liblcms2-2:amd64 (2.9-4, automatic), libavahi-common-data:amd64 (0.7-4ubuntu7.1, automatic), libavahi-common3:amd64 (0.7-4ubuntu7.1, automatic), openjdk-13-jdk-headless:amd64 (13.0.7+5-0ubuntu1~20.04), libavahi-client3:amd64 (0.7-4ubuntu7.1, automatic), java-common:amd64 (0.72, automatic), openjdk-13-jre-headless:amd64 (13.0.7+5-0ubuntu1~20.04, automatic)
End-Date: 2022-05-20  17:56:33

Start-Date: 2022-05-21  14:59:52
Commandline: apt-get remove openjdk-13-jdk-headless
Requested-By: kmburu (1000)
Remove: openjdk-13-jdk-headless:amd64 (13.0.7+5-0ubuntu1~20.04)
End-Date: 2022-05-21  14:59:52

Start-Date: 2022-05-21  15:09:39
Commandline: apt install openjdk-17-jdk-headless
Requested-By: kmburu (1000)
Install: openjdk-17-jdk-headless:amd64 (17.0.3+7-0ubuntu0.20.04.1), openjdk-17-jre-headless:amd64 (17.0.3+7-0ubuntu0.20.04.1, automatic)
End-Date: 2022-05-21  15:09:55

Start-Date: 2022-05-24  16:03:01
Commandline: apt install npm
Requested-By: kmburu (1000)
Install: node-delayed-stream:amd64 (1.0.0-4, automatic), node-validate-npm-package-name:amd64 (3.0.0-1, automatic), node-os-locale:amd64 (4.0.0-1, automatic), libc-ares2:amd64 (1.15.0-1ubuntu0.1, automatic), node-pify:amd64 (3.0.0-1, automatic), node-cyclist:amd64 (1.0.1-2, automatic), libhttp-daemon-perl:amd64 (6.06-1, automatic), node-ecc-jsbn:amd64 (0.2.0-2, automatic), node-resolve:amd64 (1.15.1-3, automatic), libhttp-message-perl:amd64 (6.22-1, automatic), node-minimatch:amd64 (3.0.4-4, automatic), node-p-timeout:amd64 (1.2.0-1, automatic), node-cross-spawn:amd64 (5.1.0-2, automatic), node-lcid:amd64 (1.0.0-1, automatic), node-package-json:amd64 (4.0.1-1, automatic), node-is-path-inside:amd64 (1.0.1-1, automatic), node-find-up:amd64 (4.1.0-2, automatic), node-url-parse-lax:amd64 (1.0.0-1, automatic), node-editor:amd64 (1.0.0-1, automatic), libwww-robotrules-perl:amd64 (6.02-1, automatic), node-prepend-http:amd64 (2.0.0-1, automatic), libencode-locale-perl:amd64 (1.05-1, automatic), node-ajv:amd64 (6.10.2-1, automatic), node-write-file-atomic:amd64 (3.0.3-1, automatic), node-wrap-ansi:amd64 (4.0.0-2, automatic), node-which-module:amd64 (2.0.0-1, automatic), javascript-common:amd64 (11, automatic), libauthen-sasl-perl:amd64 (2.1600-1, automatic), node-path-exists:amd64 (4.0.0-2, automatic), node-decompress-response:amd64 (3.3.0-1, automatic), libfile-basedir-perl:amd64 (0.08-1, automatic), libnet-ssleay-perl:amd64 (1.88-2ubuntu1, automatic), node-boxen:amd64 (4.2.0-2, automatic), node-yargs:amd64 (15.3.0-1, automatic), node-are-we-there-yet:amd64 (1.1.5-1, automatic), libhtml-form-perl:amd64 (6.07-1, automatic), node-semver-diff:amd64 (2.1.0-2, automatic), node-is-npm:amd64 (1.0.0-1, automatic), node-chalk:amd64 (2.4.2-1, automatic), node-rimraf:amd64 (2.6.3-1, automatic), node-unique-filename:amd64 (1.1.1+ds-1, automatic), libdata-dump-perl:amd64 (1.23-1, automatic), node-is-obj:amd64 (1.0.1-2, automatic), node-end-of-stream:amd64 (1.4.4-1, automatic), node-timed-out:amd64 (4.0.1-5, automatic), node-forever-agent:amd64 (0.6.1-2, automatic), node-typedarray:amd64 (0.0.6-1, automatic), node-spdx-license-ids:amd64 (3.0.5-1, automatic), node-p-is-promise:amd64 (3.0.0-1, automatic), node-cliui:amd64 (4.1.0-2, automatic), node-brace-expansion:amd64 (1.1.11-1, automatic), node-hosted-git-info:amd64 (2.8.5-1, automatic), node-copy-concurrently:amd64 (1.0.5-4, automatic), node-balanced-match:amd64 (1.0.0-1, automatic), node-fs.realpath:amd64 (1.0.0-1, automatic), node-text-table:amd64 (0.2.0-2, automatic), node-pumpify:amd64 (2.0.1-1, automatic), node-ansistyles:amd64 (0.1.3-2, automatic), node-form-data:amd64 (3.0.0-2, automatic), libtry-tiny-perl:amd64 (0.30-1, automatic), libfile-desktopentry-perl:amd64 (0.22-1, automatic), node-lodash-packages:amd64 (4.17.15+dfsg-2, automatic), node-err-code:amd64 (2.0.0+dfsg-1, automatic), node-y18n:amd64 (4.0.0-2, automatic), node-parallel-transform:amd64 (1.1.0-2, automatic), node-request:amd64 (2.88.1-4, automatic), libhttp-negotiate-perl:amd64 (6.01-1, automatic), node-json-stable-stringify:amd64 (1.0.1-1, automatic), node-semver:amd64 (7.1.3-1, automatic), libpython2-stdlib:amd64 (2.7.17-2ubuntu4, automatic), node-json-schema-traverse:amd64 (0.3.1-1, automatic), libipc-system-simple-perl:amd64 (1.26-1, automatic), node-configstore:amd64 (5.0.1-1, automatic), node-extend:amd64 (3.0.2-1, automatic), node-bcrypt-pbkdf:amd64 (1.0.2-1, automatic), node-got:amd64 (7.1.0-1, automatic), node-http-signature:amd64 (1.3.2-1, automatic), node-promise-retry:amd64 (1.1.1-4, automatic), node-is-object:amd64 (1.0.1-1, automatic), node-stream-iterate:amd64 (1.2.0-4, automatic), python2.7-minimal:amd64 (2.7.18-1~20.04.1, automatic), node-gyp:amd64 (6.1.0-3, automatic), node-decamelize:amd64 (1.2.0-1, automatic), libjs-psl:amd64 (1.7.0+ds-1, automatic), node-stream-each:amd64 (1.2.3-1, automatic), node-unpipe:amd64 (1.0.0-1, automatic), node-import-lazy:amd64 (3.0.0.REALLY.2.1.0-1, automatic), node-define-properties:amd64 (1.1.3-1, automatic), node-deep-extend:amd64 (0.6.0-1, automatic), node-lowercase-keys:amd64 (2.0.0-1, automatic), node-is-stream:amd64 (1.1.0-1, automatic), node-stream-shift:amd64 (1.0.0-1, automatic), node-latest-version:amd64 (3.1.0-1, automatic), node-make-dir:amd64 (3.0.2-1, automatic), node-npm-bundled:amd64 (1.1.1-1, automatic), node-flush-write-stream:amd64 (2.0.0-2, automatic), node-registry-url:amd64 (3.1.0-1, automatic), node-ini:amd64 (1.3.5-1, automatic), node-npm-package-arg:amd64 (6.1.1-1, automatic), node-getpass:amd64 (0.1.7-1, automatic), node-clone:amd64 (2.1.2-1, automatic), node-isurl:amd64 (4.0.1-2, automatic), libhttp-date-perl:amd64 (6.05-1, automatic), liblwp-mediatypes-perl:amd64 (6.04-1, automatic), node-pump:amd64 (3.0.0-2, automatic), python2.7:amd64 (2.7.18-1~20.04.1, automatic), node-strip-eof:amd64 (1.0.0-2, automatic), node-jsonstream:amd64 (1.3.5-1, automatic), nodejs:amd64 (10.19.0~dfsg-3ubuntu1, automatic), node-encoding:amd64 (0.1.12-3, automatic), libxcursor1:amd64 (1:1.2.0-2, automatic), node-archy:amd64 (1.0.0-3, automatic), node-unique-string:amd64 (1.0.0-1, automatic), python2:amd64 (2.7.17-2ubuntu4, automatic), node-json-schema:amd64 (0.2.3-1, automatic), gyp:amd64 (0.1+20180428git4d467626-3ubuntu1, automatic), node-inherits:amd64 (2.0.4-1, automatic), node-mem:amd64 (1.1.0-1, automatic), node-uid-number:amd64 (0.0.6-1ubuntu0.20.04.1, automatic), node-duplexer3:amd64 (0.1.4-5, automatic), node-sorted-object:amd64 (2.0.1-1, automatic), node-supports-color:amd64 (6.1.0-2, automatic), node-read:amd64 (1.0.7-2, automatic), node-ci-info:amd64 (2.0.0-1, automatic), node-has-unicode:amd64 (2.0.1-2, automatic), node-lockfile:amd64 (1.0.4-3, automatic), node-promzard:amd64 (0.3.0-1, automatic), node-is-retry-allowed:amd64 (1.1.0-1, automatic), node-call-limit:amd64 (1.1.1-1, automatic), node-is-plain-obj:amd64 (1.1.0-1, automatic), node-has-symbol-support-x:amd64 (1.4.1+dfsg-1, automatic), node-assert-plus:amd64 (1.0.0-2, automatic), node-p-finally:amd64 (1.0.0-2, automatic), node-delegates:amd64 (1.0.0-1, automatic), libwww-perl:amd64 (6.43-1, automatic), node-ssri:amd64 (7.1.0-2, automatic), xdg-utils:amd64 (1.1.3-2ubuntu1.20.04.2, automatic), libx11-protocol-perl:amd64 (0.56-7, automatic), libuv1-dev:amd64 (1.34.2-1ubuntu1.3, automatic), libio-html-perl:amd64 (1.001-1, automatic), node-move-concurrently:amd64 (1.0.1-2, automatic), node-get-stream:amd64 (4.1.0-1, automatic), node-spdx-exceptions:amd64 (2.2.0-1, automatic), libnet-http-perl:amd64 (6.19-1, automatic), node-prr:amd64 (1.0.1-1, automatic), node-psl:amd64 (1.7.0+ds-1, automatic), node-isstream:amd64 (0.1.2+dfsg-1, automatic), node-verror:amd64 (1.10.0-1, automatic), node-once:amd64 (1.4.0-3, automatic), node-abbrev:amd64 (1.1.1-2, automatic), node-iconv-lite:amd64 (0.4.23-1, automatic), node-duplexify:amd64 (4.1.1-1, automatic), node-util-deprecate:amd64 (1.0.2-1, automatic), node-inflight:amd64 (1.0.6-1, automatic), node-proto-list:amd64 (1.2.4-1, automatic), node-fs-vacuum:amd64 (1.2.10-3, automatic), node-tunnel-agent:amd64 (0.6.1-2, automatic), libnet-smtp-ssl-perl:amd64 (1.04-1, automatic), node-fs-write-stream-atomic:amd64 (1.0.10-4, automatic), node-camelcase:amd64 (5.3.1-1, automatic), node-strip-json-comments:amd64 (3.0.1-3, automatic), libio-socket-ssl-perl:amd64 (2.067-1, automatic), node-registry-auth-token:amd64 (3.3.1-1, automatic), node-dot-prop:amd64 (5.2.0-1, automatic), node-typedarray-to-buffer:amd64 (3.0.3-3, automatic), node-wrappy:amd64 (1.0.2-1, automatic), node-number-is-nan:amd64 (2.0.0-1, automatic), node-ansi:amd64 (0.3.1-1, automatic), node-sha:amd64 (3.0.0-1, automatic), node-builtin-modules:amd64 (3.1.0-1, automatic), npm:amd64 (6.14.4+ds-1ubuntu2), node-url-to-options:amd64 (1.0.1-1, automatic), node-tar:amd64 (4.4.10+ds1-2ubuntu1, automatic), node-aproba:amd64 (2.0.0-1, automatic), node-string-decoder:amd64 (1.2.0-2, automatic), node-mississippi:amd64 (3.0.0-1, automatic), node-debug:amd64 (4.1.1-2, automatic), node-gauge:amd64 (2.7.4-1, automatic), node-chownr:amd64 (1.1.3-3, automatic), node-require-main-filename:amd64 (1.0.1-1, automatic), libhtml-tagset-perl:amd64 (3.20-4, automatic), node-lru-cache:amd64 (5.1.1-5, automatic), node-color-name:amd64 (1.1.3-1, automatic), node-strip-ansi:amd64 (6.0.0-2, automatic), node-xdg-basedir:amd64 (3.0.0-1, automatic), libfile-mimeinfo-perl:amd64 (0.29-1, automatic), node-through2:amd64 (3.0.1-2, automatic), node-columnify:amd64 (1.5.4-1, automatic), node-json-stringify-safe:amd64 (5.0.1+repack-2, automatic), libfile-listing-perl:amd64 (6.04-1, automatic), node-path-is-absolute:amd64 (2.0.0-1, automatic), node-normalize-package-data:amd64 (2.5.0-1, automatic), libjs-inherits:amd64 (2.0.4-1, automatic), node-ansi-styles:amd64 (4.2.1-1, automatic), node-wcwidth.js:amd64 (1.0.0-1, automatic), node-execa:amd64 (0.10.0+dfsg-1, automatic), node-defaults:amd64 (1.0.3-1, automatic), liblwp-protocol-https-perl:amd64 (6.07-2ubuntu2, automatic), node-asap:amd64 (2.0.6-2, automatic), node-has-flag:amd64 (4.0.0-1, automatic), node-widest-line:amd64 (3.1.0-1, automatic), node-console-control-strings:amd64 (1.1.0-1, automatic), python2-minimal:amd64 (2.7.17-2ubuntu4, automatic), node-asn1:amd64 (0.2.3-2, automatic), node-errno:amd64 (0.1.7-1, automatic), node-colors:amd64 (1.4.0-1, automatic), node-resolve-from:amd64 (4.0.0-1, automatic), libnet-dbus-perl:amd64 (1.2.0-1, automatic), node-har-validator:amd64 (5.1.3-1, automatic), node-mime-types:amd64 (2.1.25-1, automatic), node-read-package-json:amd64 (2.1.1-1, automatic), libhtml-tree-perl:amd64 (5.07-2, automatic), node-asynckit:amd64 (0.4.0-3, automatic), libio-stringy-perl:amd64 (2.111-3, automatic), node-combined-stream:amd64 (1.0.8-1, automatic), node-has-to-string-tag-x:amd64 (1.4.1+dfsg-1, automatic), node-color-convert:amd64 (1.9.3-1, automatic), node-crypto-random-string:amd64 (1.0.0-1, automatic), node-tough-cookie:amd64 (3.0.0-1, automatic), libxml-twig-perl:amd64 (1:3.50-2, automatic), node-spdx-expression-parse:amd64 (3.0.0-1, automatic), python-pkg-resources:amd64 (44.0.0-2, automatic), node-p-cancelable:amd64 (0.3.0-1, automatic), libjs-is-typedarray:amd64 (1.0.0-2, automatic), libmailtools-perl:amd64 (2.21-1, automatic), node-genfun:amd64 (5.0.0-1, automatic), node-retry:amd64 (0.12.0-1, automatic), perl-openssl-defaults:amd64 (4, automatic), node-har-schema:amd64 (2.0.0-3, automatic), node-shebang-regex:amd64 (2.0.0-1, automatic), node-ansi-align:amd64 (3.0.0-1, automatic), node-npm-run-path:amd64 (2.0.2-2, automatic), node-json-parse-better-errors:amd64 (1.0.2-2, automatic), node-process-nextick-args:amd64 (2.0.0-1, automatic), libtie-ixhash-perl:amd64 (1.23-2, automatic), node-mimic-fn:amd64 (3.0.0-1, automatic), node-path-is-inside:amd64 (1.0.2-1, automatic), node-aws4:amd64 (1.9.0-1, automatic), node-os-tmpdir:amd64 (1.0.2-1, automatic), node-lazy-property:amd64 (1.0.0-3, automatic), node-punycode:amd64 (2.1.1-3, automatic), node-mute-stream:amd64 (0.0.8-2, automatic), node-is-typedarray:amd64 (1.0.0-2, automatic), node-iferr:amd64 (1.0.2-1, automatic), node-ip-regex:amd64 (4.1.0-2, automatic), node-glob:amd64 (7.1.6-1, automatic), node-slash:amd64 (3.0.0-1, automatic), libfont-afm-perl:amd64 (1.20-2, automatic), node-builtins:amd64 (1.0.3-1, automatic), libhttp-cookies-perl:amd64 (6.08-1, automatic), libssl-dev:amd64 (1.1.1f-1ubuntu2.13, automatic), node-tweetnacl:amd64 (1.0.1+dfsg-2, automatic), node-run-queue:amd64 (1.0.3-1, automatic), libnode-dev:amd64 (10.19.0~dfsg-3ubuntu1, automatic), libjs-typedarray-to-buffer:amd64 (3.0.3-3, automatic), node-bl:amd64 (4.0.0-2, automatic), node-co:amd64 (4.6.0-1, automatic), node-ip:amd64 (1.1.5-5, automatic), node-detect-indent:amd64 (5.0.0-1, automatic), node-ms:amd64 (2.1.1-1, automatic), node-qs:amd64 (6.9.1+ds-1, automatic), node-qw:amd64 (1.0.1-1, automatic), node-rc:amd64 (1.2.8-1, automatic), node-npmlog:amd64 (4.1.2-2, automatic), node-nopt:amd64 (3.0.6-4, automatic), node-string-width:amd64 (2.1.1-1, automatic), node-oauth-sign:amd64 (0.9.0-2, automatic), x11-xserver-utils:amd64 (7.7+8, automatic), node-libnpx:amd64 (10.2.1-2, automatic), nodejs-doc:amd64 (10.19.0~dfsg-3ubuntu1, automatic), node-spdx-correct:amd64 (3.1.0-1, automatic), libtimedate-perl:amd64 (2.3200-1, automatic), node-extsprintf:amd64 (1.3.0-1, automatic), node-strict-uri-encode:amd64 (2.0.0-1, automatic), node-get-caller-file:amd64 (1.0.2-1, automatic), node-lodash:amd64 (4.17.15+dfsg-2, automatic), node-signal-exit:amd64 (3.0.2-1, automatic), node-jsprim:amd64 (1.4.1-1, automatic), node-graceful-fs:amd64 (4.2.3-2, automatic), node-caseless:amd64 (0.12.0-1, automatic), libpython2.7-minimal:amd64 (2.7.18-1~20.04.1, automatic), node-core-util-is:amd64 (1.0.2-1, automatic), node-function-bind:amd64 (1.1.1+repack-1, automatic), libnode64:amd64 (10.19.0~dfsg-3ubuntu1, automatic), node-promise-inflight:amd64 (1.0.1-1, automatic), node-pseudomap:amd64 (1.0.2-1, automatic), node-ansi-regex:amd64 (5.0.0-1, automatic), node-sshpk:amd64 (1.16.1+dfsg-2, automatic), node-yargs-parser:amd64 (18.1.1-1, automatic), node-safe-buffer:amd64 (5.2.0-1, automatic), node-osenv:amd64 (0.1.5-1, automatic), node-wide-align:amd64 (1.1.3-1, automatic), node-shebang-command:amd64 (1.2.0-1, automatic), node-uuid:amd64 (3.3.2-2, automatic), node-dashdash:amd64 (1.14.1-2, automatic), libxml-parser-perl:amd64 (2.46-1, automatic), node-slide:amd64 (1.1.6-2, automatic), node-jsonparse:amd64 (1.3.1-7, automatic), node-es6-promise:amd64 (4.2.8-6, automatic), node-isarray:amd64 (2.0.5-1, automatic), node-mimic-response:amd64 (2.1.0-1, automatic), node-validate-npm-package-license:amd64 (3.0.4-1, automatic), node-readable-stream:amd64 (3.4.0-2, automatic), node-set-blocking:amd64 (2.0.0-1, automatic), node-jsonify:amd64 (0.0.0-1, automatic), node-config-chain:amd64 (1.1.12-1, automatic), node-xtend:amd64 (4.0.2-1, automatic), node-uri-js:amd64 (4.2.2+dfsg-5, automatic), node-through:amd64 (2.3.8-1, automatic), node-mime:amd64 (2.4.4+dfsg-1, automatic), libpython2.7-stdlib:amd64 (2.7.18-1~20.04.1, automatic), node-invert-kv:amd64 (1.0.0-1, automatic), node-object-assign:amd64 (4.1.1-3, automatic), node-detect-newline:amd64 (2.1.0-1, automatic), node-require-directory:amd64 (2.1.1-1, automatic), node-concat-stream:amd64 (1.6.2-1, automatic), node-p-limit:amd64 (2.2.2-1, automatic), node-fast-deep-equal:amd64 (1.1.0-1, automatic), libhtml-parser-perl:amd64 (3.72-5, automatic), node-cli-boxes:amd64 (2.2.0-2, automatic), node-yallist:amd64 (4.0.0-1, automatic), node-which:amd64 (2.0.2-1, automatic), node-bluebird:amd64 (3.5.1+dfsg2-2build1, automatic), liburi-perl:amd64 (1.76-2, automatic), node-isexe:amd64 (2.0.0-4, automatic), node-locate-path:amd64 (5.0.0-2, automatic), node-mkdirp:amd64 (0.5.1-2, automatic), node-escape-string-regexp:amd64 (1.0.5-1, automatic), node-p-locate:amd64 (2.0.0-1, automatic), node-jsbn:amd64 (1.1.0-1, automatic), node-imurmurhash:amd64 (0.1.4-1, automatic), node-concat-map:amd64 (0.0.1-2, automatic), node-cacache:amd64 (11.3.3-2, automatic), node-minimist:amd64 (1.2.5-1, automatic), node-from2:amd64 (2.3.0-1, automatic), node-performance-now:amd64 (2.1.0+debian-1, automatic), node-opener:amd64 (1.5.1-1, automatic), node-term-size:amd64 (1.2.0+dfsg-2, automatic), node-aws-sign2:amd64 (0.7.1-2, automatic), libxml-xpathengine-perl:amd64 (0.14-1, automatic), libhtml-format-perl:amd64 (2.12-1, automatic)
Upgrade: libssl1.1:amd64 (1.1.1f-1ubuntu2.5, 1.1.1f-1ubuntu2.13)
End-Date: 2022-05-24  16:03:49

Start-Date: 2022-05-27  14:25:01
Commandline: apt install apache2
Requested-By: kmburu (1000)
Install: libaprutil1:amd64 (1.6.1-4ubuntu2, automatic), libaprutil1-dbd-sqlite3:amd64 (1.6.1-4ubuntu2, automatic), ssl-cert:amd64 (1.0.39, automatic), apache2-data:amd64 (2.4.41-4ubuntu3.10, automatic), libapr1:amd64 (1.6.5-1ubuntu1, automatic), libaprutil1-ldap:amd64 (1.6.1-4ubuntu2, automatic), liblua5.2-0:amd64 (5.2.4-1.1build3, automatic), apache2-bin:amd64 (2.4.41-4ubuntu3.10, automatic), libjansson4:amd64 (2.12-1build1, automatic), apache2:amd64 (2.4.41-4ubuntu3.10), apache2-utils:amd64 (2.4.41-4ubuntu3.10, automatic)
End-Date: 2022-05-27  14:25:06

Start-Date: 2022-05-27  22:05:33
Commandline: apt install libcgicc-dev
Requested-By: kmburu (1000)
Install: libcgicc3:amd64 (3.2.19-0.2build1, automatic), libcgicc-dev:amd64 (3.2.19-0.2build1)
End-Date: 2022-05-27  22:05:35

Start-Date: 2022-05-29  14:01:43
Commandline: apt install net-tools
Requested-By: kmburu (1000)
Install: net-tools:amd64 (1.60+git20180626.aebd88e-1ubuntu1)
End-Date: 2022-05-29  14:01:46

Start-Date: 2022-05-30  02:05:51
Commandline: apt install lynx
Requested-By: kmburu (1000)
Install: lynx-common:amd64 (2.9.0dev.5-1, automatic), lynx:amd64 (2.9.0dev.5-1), libidn11:amd64 (1.33-2.2ubuntu2, automatic)
End-Date: 2022-05-30  02:05:52
